<?xml version="1.0" encoding="UTF-8"?>
<!-- Generated by org.testng.reporters.JUnitReportReporter -->
<testsuite skipped="0" hostname="Jalarambapa" name="com.tutorialsninja.testsuite.MyAccountsTest" tests="2" failures="0" timestamp="2022-12-13T22:16:26 GMT" time="44.977" errors="0">
  <testcase name="verifyUserShouldNavigateToLoginPageSuccessfully" time="7.246" classname="com.tutorialsninja.testsuite.MyAccountsTest"/>
  <system-out>
    <![CDATA[Click on my accounts
Selecting my account option
Getting returning customer text]]>
  </system-out>
  <testcase name="verifyThatUserRegisterAccountSuccessfully" time="37.731" classname="com.tutorialsninja.testsuite.MyAccountsTest"/>
  <system-out>
    <![CDATA[Click on my accounts
Selecting my account option
Filling account registration details
Clicking on radio button
Clicking on agree
Click on continue
Getting account text
Clicking on continue
Click on my accounts
Selecting my account option
Getting logout text
Clicking on continue]]>
  </system-out>
</testsuite> <!-- com.tutorialsninja.testsuite.MyAccountsTest -->
