<?xml version="1.0" encoding="UTF-8"?>
<!-- Generated by org.testng.reporters.JUnitReportReporter -->
<testsuite skipped="0" hostname="Jalarambapa" name="com.tutorialsninja.testsuite.HomepageTest" tests="1" failures="0" timestamp="2022-12-13T22:16:26 GMT" time="6.121" errors="0">
  <testcase name="verifyUserShouldNavigateToLaptopsAndNotebooksPageSuccessfully" time="6.121" classname="com.tutorialsninja.testsuite.HomepageTest"/>
  <system-out>
    <![CDATA[Verifying laptops and notebooks text]]>
  </system-out>
</testsuite> <!-- com.tutorialsninja.testsuite.HomepageTest -->
