<?xml version="1.0" encoding="UTF-8"?>
<!-- Generated by org.testng.reporters.JUnitReportReporter -->
<testsuite skipped="0" hostname="Jalarambapa" name="com.tutorialsninja.testsuite.LaptopsAndNoteBooksTest" tests="1" failures="0" timestamp="2022-12-13T22:16:26 GMT" time="20.545" errors="0">
  <testcase name="verifyThatUserPlaceOrderSuccessfully" time="20.545" classname="com.tutorialsninja.testsuite.LaptopsAndNoteBooksTest"/>
  <system-out>
    <![CDATA[Verifying product price desplay high to low
Clicking on macbook
Expected Text
Text verification
Clicking on add to cart
Expected Text
Text verification
Clicking on shopping cart
Expected Text
Text verification
Expected Text
Text verification
Updating quantity
Clicking on update
Expected Text
Text verification
Selecting currency
Expected Text
Text verification
Click on check out button
Expected Text
Text verification
Expected Text
Text verification
Clicking radio button
Clicking on continue button
Filling mandatory fields
Filling mandatory fields
Filling mandatory fields
Filling mandatory fields
Filling mandatory fields
Filling mandatory fields
Filling mandatory fields
Selecting country
Selecting state
Clicking on continue button payment
adding comment
Click on checkbox
Clicking on continue button
Expected Text
Text verification]]>
  </system-out>
</testsuite> <!-- com.tutorialsninja.testsuite.LaptopsAndNoteBooksTest -->
