<?xml version="1.0" encoding="UTF-8"?>
<!-- Generated by org.testng.reporters.JUnitReportReporter -->
<testsuite skipped="0" hostname="Jalarambapa" name="com.tutorialsninja.testsuite.DesktopsTest" tests="1" failures="0" timestamp="2022-12-13T22:16:26 GMT" time="24.210" errors="0">
  <testcase name="verifyProductAddedToShoppingCartSuccessFully" time="24.210" classname="com.tutorialsninja.testsuite.DesktopsTest"/>
  <system-out>
    <![CDATA[Mouse hovering on desktop
Sorting product to A to Z
Expected text
Getting actual text
Changing date
Clicking on add to cart
Expected text
Getting actual text
Clicking on shopping cart
Expected text
Getting actual text
Expected text
Getting actual text
Expected text
Getting actual text
Expected text
Getting actual text
Selecting currency
Expected text
Getting actual text]]>
  </system-out>
</testsuite> <!-- com.tutorialsninja.testsuite.DesktopsTest -->
